<?xml version="1.0" encoding="UTF-8"?>
<!-- Generated by org.testng.reporters.JUnitReportReporter -->
<testsuite hostname="Prakaash" failures="0" tests="1" name="testCases.TC_004_SearchProductTest" time="0.943" errors="0" timestamp="2024-10-16T01:20:37 IST" skipped="0">
  <testcase classname="testCases.TC_004_SearchProductTest" name="verify_pruductSearch" time="0.943"/>
</testsuite> <!-- testCases.TC_004_SearchProductTest -->
