<?xml version="1.0" encoding="UTF-8"?>
<!-- Generated by org.testng.reporters.JUnitReportReporter -->
<testsuite hostname="Prakaash" failures="0" tests="1" name="testCases.TC_005_AddToCartPageTest" time="2.012" errors="0" timestamp="2024-10-16T01:20:37 IST" skipped="0">
  <testcase classname="testCases.TC_005_AddToCartPageTest" name="verify_addToCart" time="2.012"/>
</testsuite> <!-- testCases.TC_005_AddToCartPageTest -->
