<?xml version="1.0" encoding="UTF-8"?>
<!-- Generated by org.testng.reporters.JUnitReportReporter -->
<testsuite hostname="Prakaash" failures="0" tests="1" name="testCases.TC002_LoginTest" time="2.453" errors="0" timestamp="2024-10-16T01:20:37 IST" skipped="0">
  <testcase classname="testCases.TC002_LoginTest" name="verify_login" time="2.453"/>
</testsuite> <!-- testCases.TC002_LoginTest -->
